<?xml version="1.0" encoding="UTF-8"?>
<testsuite name="co.com.bancolombia.screenplay.toolsqa.runners.AgregarProductos" tests="0" skipped="0" failures="0" errors="0" timestamp="1970-01-01T00:00:00" hostname="QV2864-PC" time="0.0">
  <properties/>
  <system-out><![CDATA[]]></system-out>
  <system-err><![CDATA[[Test worker] INFO net.serenitybdd.core.Serenity - Test Suite Started: agregar accesorio al carro de compras
]]></system-err>
</testsuite>
